生成启动时间为 2019/12/16 16:00:31。
     1>项目“E:\代码练习\12.16\12.16\12.16.vcxproj”在节点 2 上(Build 个目标)。
     1>ClCompile:
         E:\BaiduNetdiskDownload\VC\bin\CL.exe /c /ZI /nologo /W3 /WX- /sdl /Od /Oy- /D _MBCS /Gm /EHsc /RTC1 /MDd /GS /fp:precise /Zc:wchar_t /Zc:forScope /Fo"Debug\\" /Fd"Debug\vc120.pdb" /Gd /TC /analyze- /errorReport:prompt test5.c
         test5.c
       Link:
         E:\BaiduNetdiskDownload\VC\bin\link.exe /ERRORREPORT:PROMPT /OUT:"E:\代码练习\12.16\Debug\12.16.exe" /INCREMENTAL /NOLOGO kernel32.lib user32.lib gdi32.lib winspool.lib comdlg32.lib advapi32.lib shell32.lib ole32.lib oleaut32.lib uuid.lib odbc32.lib odbccp32.lib /MANIFEST /MANIFESTUAC:"level='asInvoker' uiAccess='false'" /manifest:embed /DEBUG /PDB:"E:\代码练习\12.16\Debug\12.16.pdb" /SUBSYSTEM:CONSOLE /TLBID:1 /DYNAMICBASE /NXCOMPAT /IMPLIB:"E:\代码练习\12.16\Debug\12.16.lib" /MACHINE:X86 Debug\test5.obj
     1>MSVCRTD.lib(crtexe.obj) : error LNK2019: 无法解析的外部符号 _main，该符号在函数 ___tmainCRTStartup 中被引用
     1>E:\代码练习\12.16\Debug\12.16.exe : fatal error LNK1120: 1 个无法解析的外部命令
     1>已完成生成项目“E:\代码练习\12.16\12.16\12.16.vcxproj”(Build 个目标)的操作 - 失败。

生成失败。

已用时间 00:00:01.54
